<?xml version="1.0" encoding="utf-8"?><testsuites><testsuite name="pytest" errors="0" failures="0" skipped="0" tests="35" time="29.512" timestamp="2026-04-27T12:59:38.350245+05:30" hostname="Damon"><testcase classname="tests.infra.test_infra_contracts" name="test_step_function_definition_is_valid_json" time="0.026" /><testcase classname="tests.infra.test_infra_contracts" name="test_lambda_payload_examples_are_valid_json" time="0.020" /><testcase classname="tests.infra.test_infra_contracts" name="test_athena_query_template_exists_and_is_not_empty" time="0.009" /><testcase classname="tests.integration.test_local_system_flow" name="test_local_user_flow_upload_to_results_dashboard_report" time="3.304" /><testcase classname="tests.integration.test_pipeline_workflow" name="test_run_pipeline_returns_processed_analysis" time="0.420" /><testcase classname="tests.integration.test_pipeline_workflow" name="test_start_pipeline_marks_failed_jobs" time="0.006" /><testcase classname="tests.test_auth_flow" name="test_register_login_verify_flow" time="1.708" /><testcase classname="tests.test_auth_flow" name="test_invalid_otp_rejected" time="0.909" /><testcase classname="tests.test_auth_flow" name="test_forgot_password_reset_flow" time="1.828" /><testcase classname="tests.test_health" name="test_health_endpoint" time="0.098" /><testcase classname="tests.test_otp_service" name="test_send_otp_email_handles_smtp_auth_failure" time="1.359" /><testcase classname="tests.test_otp_service" name="test_send_otp_email_exposes_dev_otp_when_smtp_not_configured" time="0.214" /><testcase classname="tests.test_pages" name="test_home_page_loads" time="0.392" /><testcase classname="tests.test_pages" name="test_auth_pages_load" time="0.471" /><testcase classname="tests.test_pages" name="test_protected_page_redirects_to_login" time="0.516" /><testcase classname="tests.unit.routes.test_analysis_routes" name="test_results_route_renders_real_analysis" time="2.289" /><testcase classname="tests.unit.routes.test_analysis_routes" name="test_dashboard_export_returns_json" time="1.805" /><testcase classname="tests.unit.routes.test_analysis_routes" name="test_report_route_renders_business_report" time="1.654" /><testcase classname="tests.unit.routes.test_dataset_routes" name="test_upload_page_requires_login" time="0.235" /><testcase classname="tests.unit.routes.test_dataset_routes" name="test_upload_starts_pipeline_for_authenticated_user" time="1.760" /><testcase classname="tests.unit.routes.test_dataset_routes" name="test_upload_rejects_missing_file" time="1.775" /><testcase classname="tests.unit.services.test_analytics_service" name="test_infer_schema_detects_dynamic_columns" time="0.027" /><testcase classname="tests.unit.services.test_analytics_service" name="test_generate_analysis_builds_real_metrics_and_filters" time="0.163" /><testcase classname="tests.unit.services.test_analytics_service" name="test_build_metric_destinations_uses_filters" time="0.214" /><testcase classname="tests.unit.services.test_aws_clients" name="test_get_clients_returns_expected_service_map" time="0.415" /><testcase classname="tests.unit.services.test_data_validation" name="test_data_validation_fails_for_empty_dataset" time="0.010" /><testcase classname="tests.unit.services.test_data_validation" name="test_data_validation_warns_without_numeric_columns" time="0.008" /><testcase classname="tests.unit.services.test_data_validation" name="test_data_validation_passes_for_valid_shape" time="0.009" /><testcase classname="tests.unit.services.test_preprocessing" name="test_clean_dataset_normalizes_columns_and_dates" time="0.056" /><testcase classname="tests.unit.services.test_preprocessing" name="test_feature_engineering_creates_date_parts" time="0.035" /><testcase classname="tests.unit.services.test_preprocessing" name="test_handle_outliers_reports_counts_without_dropping_rows" time="0.034" /><testcase classname="tests.unit.services.test_report_service" name="test_generate_dashboard_data_reads_real_dataset" time="0.463" /><testcase classname="tests.unit.services.test_report_service" name="test_build_report_context_uses_job_result" time="0.014" /><testcase classname="tests.unit.services.test_s3_utils" name="test_upload_file_returns_true_on_success" time="0.010" /><testcase classname="tests.unit.services.test_s3_utils" name="test_upload_file_retries_and_returns_false" time="0.006" /></testsuite></testsuites>